<?xml version="1.0" encoding="UTF-8"?>
<testsuite name="labmmba.UsertempControllerSpec" tests="7" skipped="0" failures="5" errors="0" timestamp="2015-11-14T17:08:14" hostname="Fethrblaka" time="0.231">
  <properties/>
  <testcase name="Test the index action returns the correct model" classname="labmmba.UsertempControllerSpec" time="0.183"/>
  <testcase name="Test the create action returns the correct model" classname="labmmba.UsertempControllerSpec" time="0.006"/>
  <testcase name="Test the save action correctly persists an instance" classname="labmmba.UsertempControllerSpec" time="0.009">
    <failure message="Condition not satisfied:&#10;&#10;false&#10;&#10;TODO: Provide a populateValidParams() implementation for this generated test suite&#10;" type="org.spockframework.runtime.ConditionNotSatisfiedError">Condition not satisfied:

false

TODO: Provide a populateValidParams() implementation for this generated test suite

	at labmmba.UsertempControllerSpec.populateValidParams(UsertempControllerSpec.groovy:15)
	at labmmba.UsertempControllerSpec.Test the save action correctly persists an instance(UsertempControllerSpec.groovy:51)
</failure>
  </testcase>
  <testcase name="Test that the show action returns the correct model" classname="labmmba.UsertempControllerSpec" time="0.006">
    <failure message="Condition not satisfied:&#10;&#10;false&#10;&#10;TODO: Provide a populateValidParams() implementation for this generated test suite&#10;" type="org.spockframework.runtime.ConditionNotSatisfiedError">Condition not satisfied:

false

TODO: Provide a populateValidParams() implementation for this generated test suite

	at labmmba.UsertempControllerSpec.populateValidParams(UsertempControllerSpec.groovy:15)
	at labmmba.UsertempControllerSpec.Test that the show action returns the correct model(UsertempControllerSpec.groovy:70)
</failure>
  </testcase>
  <testcase name="Test that the edit action returns the correct model" classname="labmmba.UsertempControllerSpec" time="0.006">
    <failure message="Condition not satisfied:&#10;&#10;false&#10;&#10;TODO: Provide a populateValidParams() implementation for this generated test suite&#10;" type="org.spockframework.runtime.ConditionNotSatisfiedError">Condition not satisfied:

false

TODO: Provide a populateValidParams() implementation for this generated test suite

	at labmmba.UsertempControllerSpec.populateValidParams(UsertempControllerSpec.groovy:15)
	at labmmba.UsertempControllerSpec.Test that the edit action returns the correct model(UsertempControllerSpec.groovy:86)
</failure>
  </testcase>
  <testcase name="Test the update action performs an update on a valid domain instance" classname="labmmba.UsertempControllerSpec" time="0.013">
    <failure message="Condition not satisfied:&#10;&#10;false&#10;&#10;TODO: Provide a populateValidParams() implementation for this generated test suite&#10;" type="org.spockframework.runtime.ConditionNotSatisfiedError">Condition not satisfied:

false

TODO: Provide a populateValidParams() implementation for this generated test suite

	at labmmba.UsertempControllerSpec.populateValidParams(UsertempControllerSpec.groovy:15)
	at labmmba.UsertempControllerSpec.Test the update action performs an update on a valid domain instance(UsertempControllerSpec.groovy:116)
</failure>
  </testcase>
  <testcase name="Test that the delete action deletes an instance if it exists" classname="labmmba.UsertempControllerSpec" time="0.008">
    <failure message="Condition not satisfied:&#10;&#10;false&#10;&#10;TODO: Provide a populateValidParams() implementation for this generated test suite&#10;" type="org.spockframework.runtime.ConditionNotSatisfiedError">Condition not satisfied:

false

TODO: Provide a populateValidParams() implementation for this generated test suite

	at labmmba.UsertempControllerSpec.populateValidParams(UsertempControllerSpec.groovy:15)
	at labmmba.UsertempControllerSpec.Test that the delete action deletes an instance if it exists(UsertempControllerSpec.groovy:138)
</failure>
  </testcase>
  <system-out><![CDATA[]]></system-out>
  <system-err><![CDATA[]]></system-err>
</testsuite>
